[2013-03-13 16:57:06.429] [INFO] console -    [36minfo  -[39m 'socket.io started'
[2013-03-13 16:57:06.901] [INFO] console - Express server listening on port 80
[2013-03-13 16:59:47.387] [INFO] console -    [36minfo  -[39m 'socket.io started'
[2013-03-13 16:59:47.853] [INFO] console - Express server listening on port 80
[2013-03-13 17:00:44.307] [INFO] console -    [36minfo  -[39m 'socket.io started'
[2013-03-13 17:00:44.779] [INFO] console - Express server listening on port 80
[2013-03-13 17:00:58.188] [INFO] console -    [36minfo  -[39m 'socket.io started'
[2013-03-13 17:00:58.652] [INFO] console - Express server listening on port 80
[2013-03-13 17:01:07.860] [INFO] console -    [36minfo  -[39m 'socket.io started'
[2013-03-13 17:01:08.328] [INFO] console - Express server listening on port 80
[2013-03-13 17:01:13.187] [INFO] console -    [36minfo  -[39m 'socket.io started'
[2013-03-13 17:01:13.658] [INFO] console - Express server listening on port 80
[2013-03-13 17:01:35.054] [INFO] console -    [36minfo  -[39m 'socket.io started'
[2013-03-13 17:01:35.524] [INFO] console - Express server listening on port 80
[2013-03-13 17:01:43.126] [INFO] console -    [36minfo  -[39m 'socket.io started'
[2013-03-13 17:01:43.613] [INFO] console - Express server listening on port 80
[2013-03-13 17:01:45.041] [INFO] console -    [36minfo  -[39m 'socket.io started'
[2013-03-13 17:01:45.509] [INFO] console - Express server listening on port 80
[2013-03-13 17:02:17.532] [INFO] console -    [36minfo  -[39m 'socket.io started'
[2013-03-13 17:02:17.997] [INFO] console - Express server listening on port 80
[2013-03-13 17:02:24.307] [INFO] console -    [36minfo  -[39m 'socket.io started'
[2013-03-13 17:02:24.774] [INFO] console - Express server listening on port 80
[2013-03-13 17:03:12.701] [ERROR] console - ReferenceError: validatonRegex is not defined
    at exports.create (/home/warren/csc494/pairide/routes/room.js:16:21)
    at callbacks (/home/warren/csc494/pairide/node_modules/express/lib/router/index.js:161:37)
    at exports.checkAuth (/home/warren/csc494/pairide/middleware/index.js:37:2)
    at callbacks (/home/warren/csc494/pairide/node_modules/express/lib/router/index.js:161:37)
    at param (/home/warren/csc494/pairide/node_modules/express/lib/router/index.js:135:11)
    at pass (/home/warren/csc494/pairide/node_modules/express/lib/router/index.js:142:5)
    at Router._dispatch (/home/warren/csc494/pairide/node_modules/express/lib/router/index.js:170:5)
    at Object.router (/home/warren/csc494/pairide/node_modules/express/lib/router/index.js:33:10)
    at next (/home/warren/csc494/pairide/node_modules/express/node_modules/connect/lib/proto.js:199:15)
    at store.get.next (/home/warren/csc494/pairide/node_modules/express/node_modules/connect/lib/middleware/session.js:309:9)
[2013-03-13 17:03:13.744] [ERROR] console - ReferenceError: validatonRegex is not defined
    at exports.create (/home/warren/csc494/pairide/routes/room.js:16:21)
    at callbacks (/home/warren/csc494/pairide/node_modules/express/lib/router/index.js:161:37)
    at exports.checkAuth (/home/warren/csc494/pairide/middleware/index.js:37:2)
    at callbacks (/home/warren/csc494/pairide/node_modules/express/lib/router/index.js:161:37)
    at param (/home/warren/csc494/pairide/node_modules/express/lib/router/index.js:135:11)
    at pass (/home/warren/csc494/pairide/node_modules/express/lib/router/index.js:142:5)
    at Router._dispatch (/home/warren/csc494/pairide/node_modules/express/lib/router/index.js:170:5)
    at Object.router (/home/warren/csc494/pairide/node_modules/express/lib/router/index.js:33:10)
    at next (/home/warren/csc494/pairide/node_modules/express/node_modules/connect/lib/proto.js:199:15)
    at store.get.next (/home/warren/csc494/pairide/node_modules/express/node_modules/connect/lib/middleware/session.js:309:9)
[2013-03-13 17:03:14.446] [ERROR] console - ReferenceError: validatonRegex is not defined
    at exports.create (/home/warren/csc494/pairide/routes/room.js:16:21)
    at callbacks (/home/warren/csc494/pairide/node_modules/express/lib/router/index.js:161:37)
    at exports.checkAuth (/home/warren/csc494/pairide/middleware/index.js:37:2)
    at callbacks (/home/warren/csc494/pairide/node_modules/express/lib/router/index.js:161:37)
    at param (/home/warren/csc494/pairide/node_modules/express/lib/router/index.js:135:11)
    at pass (/home/warren/csc494/pairide/node_modules/express/lib/router/index.js:142:5)
    at Router._dispatch (/home/warren/csc494/pairide/node_modules/express/lib/router/index.js:170:5)
    at Object.router (/home/warren/csc494/pairide/node_modules/express/lib/router/index.js:33:10)
    at next (/home/warren/csc494/pairide/node_modules/express/node_modules/connect/lib/proto.js:199:15)
    at store.get.next (/home/warren/csc494/pairide/node_modules/express/node_modules/connect/lib/middleware/session.js:309:9)
[2013-03-13 17:03:14.611] [ERROR] console - ReferenceError: validatonRegex is not defined
    at exports.create (/home/warren/csc494/pairide/routes/room.js:16:21)
    at callbacks (/home/warren/csc494/pairide/node_modules/express/lib/router/index.js:161:37)
    at exports.checkAuth (/home/warren/csc494/pairide/middleware/index.js:37:2)
    at callbacks (/home/warren/csc494/pairide/node_modules/express/lib/router/index.js:161:37)
    at param (/home/warren/csc494/pairide/node_modules/express/lib/router/index.js:135:11)
    at pass (/home/warren/csc494/pairide/node_modules/express/lib/router/index.js:142:5)
    at Router._dispatch (/home/warren/csc494/pairide/node_modules/express/lib/router/index.js:170:5)
    at Object.router (/home/warren/csc494/pairide/node_modules/express/lib/router/index.js:33:10)
    at next (/home/warren/csc494/pairide/node_modules/express/node_modules/connect/lib/proto.js:199:15)
    at store.get.next (/home/warren/csc494/pairide/node_modules/express/node_modules/connect/lib/middleware/session.js:309:9)
[2013-03-13 17:03:14.705] [ERROR] console - ReferenceError: validatonRegex is not defined
    at exports.create (/home/warren/csc494/pairide/routes/room.js:16:21)
    at callbacks (/home/warren/csc494/pairide/node_modules/express/lib/router/index.js:161:37)
    at exports.checkAuth (/home/warren/csc494/pairide/middleware/index.js:37:2)
    at callbacks (/home/warren/csc494/pairide/node_modules/express/lib/router/index.js:161:37)
    at param (/home/warren/csc494/pairide/node_modules/express/lib/router/index.js:135:11)
    at pass (/home/warren/csc494/pairide/node_modules/express/lib/router/index.js:142:5)
    at Router._dispatch (/home/warren/csc494/pairide/node_modules/express/lib/router/index.js:170:5)
    at Object.router (/home/warren/csc494/pairide/node_modules/express/lib/router/index.js:33:10)
    at next (/home/warren/csc494/pairide/node_modules/express/node_modules/connect/lib/proto.js:199:15)
    at store.get.next (/home/warren/csc494/pairide/node_modules/express/node_modules/connect/lib/middleware/session.js:309:9)
[2013-03-13 17:03:15.003] [ERROR] console - ReferenceError: validatonRegex is not defined
    at exports.create (/home/warren/csc494/pairide/routes/room.js:16:21)
    at callbacks (/home/warren/csc494/pairide/node_modules/express/lib/router/index.js:161:37)
    at exports.checkAuth (/home/warren/csc494/pairide/middleware/index.js:37:2)
    at callbacks (/home/warren/csc494/pairide/node_modules/express/lib/router/index.js:161:37)
    at param (/home/warren/csc494/pairide/node_modules/express/lib/router/index.js:135:11)
    at pass (/home/warren/csc494/pairide/node_modules/express/lib/router/index.js:142:5)
    at Router._dispatch (/home/warren/csc494/pairide/node_modules/express/lib/router/index.js:170:5)
    at Object.router (/home/warren/csc494/pairide/node_modules/express/lib/router/index.js:33:10)
    at next (/home/warren/csc494/pairide/node_modules/express/node_modules/connect/lib/proto.js:199:15)
    at store.get.next (/home/warren/csc494/pairide/node_modules/express/node_modules/connect/lib/middleware/session.js:309:9)
[2013-03-13 17:03:15.127] [ERROR] console - ReferenceError: validatonRegex is not defined
    at exports.create (/home/warren/csc494/pairide/routes/room.js:16:21)
    at callbacks (/home/warren/csc494/pairide/node_modules/express/lib/router/index.js:161:37)
    at exports.checkAuth (/home/warren/csc494/pairide/middleware/index.js:37:2)
    at callbacks (/home/warren/csc494/pairide/node_modules/express/lib/router/index.js:161:37)
    at param (/home/warren/csc494/pairide/node_modules/express/lib/router/index.js:135:11)
    at pass (/home/warren/csc494/pairide/node_modules/express/lib/router/index.js:142:5)
    at Router._dispatch (/home/warren/csc494/pairide/node_modules/express/lib/router/index.js:170:5)
    at Object.router (/home/warren/csc494/pairide/node_modules/express/lib/router/index.js:33:10)
    at next (/home/warren/csc494/pairide/node_modules/express/node_modules/connect/lib/proto.js:199:15)
    at store.get.next (/home/warren/csc494/pairide/node_modules/express/node_modules/connect/lib/middleware/session.js:309:9)
[2013-03-13 17:03:15.233] [ERROR] console - ReferenceError: validatonRegex is not defined
    at exports.create (/home/warren/csc494/pairide/routes/room.js:16:21)
    at callbacks (/home/warren/csc494/pairide/node_modules/express/lib/router/index.js:161:37)
    at exports.checkAuth (/home/warren/csc494/pairide/middleware/index.js:37:2)
    at callbacks (/home/warren/csc494/pairide/node_modules/express/lib/router/index.js:161:37)
    at param (/home/warren/csc494/pairide/node_modules/express/lib/router/index.js:135:11)
    at pass (/home/warren/csc494/pairide/node_modules/express/lib/router/index.js:142:5)
    at Router._dispatch (/home/warren/csc494/pairide/node_modules/express/lib/router/index.js:170:5)
    at Object.router (/home/warren/csc494/pairide/node_modules/express/lib/router/index.js:33:10)
    at next (/home/warren/csc494/pairide/node_modules/express/node_modules/connect/lib/proto.js:199:15)
    at store.get.next (/home/warren/csc494/pairide/node_modules/express/node_modules/connect/lib/middleware/session.js:309:9)
[2013-03-13 17:03:16.973] [ERROR] console - ReferenceError: validatonRegex is not defined
    at exports.create (/home/warren/csc494/pairide/routes/room.js:16:21)
    at callbacks (/home/warren/csc494/pairide/node_modules/express/lib/router/index.js:161:37)
    at exports.checkAuth (/home/warren/csc494/pairide/middleware/index.js:37:2)
    at callbacks (/home/warren/csc494/pairide/node_modules/express/lib/router/index.js:161:37)
    at param (/home/warren/csc494/pairide/node_modules/express/lib/router/index.js:135:11)
    at pass (/home/warren/csc494/pairide/node_modules/express/lib/router/index.js:142:5)
    at Router._dispatch (/home/warren/csc494/pairide/node_modules/express/lib/router/index.js:170:5)
    at Object.router (/home/warren/csc494/pairide/node_modules/express/lib/router/index.js:33:10)
    at next (/home/warren/csc494/pairide/node_modules/express/node_modules/connect/lib/proto.js:199:15)
    at store.get.next (/home/warren/csc494/pairide/node_modules/express/node_modules/connect/lib/middleware/session.js:309:9)
[2013-03-13 17:03:46.655] [INFO] console -    [36minfo  -[39m 'socket.io started'
[2013-03-13 17:03:47.119] [INFO] console - Express server listening on port 80
[2013-03-13 17:04:27.989] [INFO] console -    [36minfo  -[39m 'handshake authorized' 'nbDP98cEx_1focU5kOHf'
[2013-03-13 17:04:28.146] [INFO] console - Client connect.
[2013-03-13 17:04:28.265] [INFO] console - client request to join user room lol
[2013-03-13 17:04:28.266] [INFO] console - New room created by ufowam: lol
[2013-03-13 17:04:28.308] [INFO] console - Files requested at: /home/warren/csc494/pairide/users/45e36b33f220da7264981fbed66ef127/
[2013-03-13 17:04:30.429] [INFO] console -    [36minfo  -[39m 'transport end (undefined)'
[2013-03-13 17:04:30.430] [INFO] console - disconnect detected
[2013-03-13 17:04:30.430] [INFO] console - deleting user from room lol...ufowam
[2013-03-13 17:04:30.430] [INFO] console - deleting room...lol
